<?xml version="1.0" encoding="UTF-8"?>
<!-- Generated by org.testng.reporters.JUnitReportReporter -->
<testsuite skipped="0" hostname="DESKTOP-K3QQC9V" name="campaign.create_campaign" tests="1" failures="0" timestamp="2022-10-16T20:52:49 IST" time="23.847" errors="0">
  <testcase name="create_campaignTest" time="23.847" classname="campaign.create_campaign"/>
  <system-out/>
</testsuite> <!-- campaign.create_campaign -->
